<?xml version="1.0" encoding="UTF-8"?>
<coverage generated="1527102348228" clover="3.2.0">
  <project timestamp="1527102348228" name="All files">
    <metrics statements="63" coveredstatements="62" conditionals="2" coveredconditionals="1" methods="17" coveredmethods="17" elements="82" coveredelements="80" complexity="0" loc="63" ncloc="63" packages="8" files="11" classes="11">
      <package name="entity">
        <metrics statements="12" coveredstatements="12" conditionals="2" coveredconditionals="1" methods="1" coveredmethods="1"/>
        <file name="User.ts" path="/Users/robk/source2/BENAWAD/my-GRAPHQL-TS-SERVER-BOILERPLATE/src/entity/User.ts">
          <metrics statements="12" coveredstatements="12" conditionals="2" coveredconditionals="1" methods="1" coveredmethods="1"/>
          <line num="1" count="6" type="stmt"/>
          <line num="2" count="6" type="stmt"/>
          <line num="11" count="6" type="stmt"/>
          <line num="12" count="6" type="stmt"/>
          <line num="15" count="6" type="stmt"/>
          <line num="18" count="6" type="stmt"/>
          <line num="21" count="6" type="stmt"/>
          <line num="24" count="6" type="stmt"/>
          <line num="27" count="6" type="stmt"/>
          <line num="30" count="6" type="stmt"/>
          <line num="31" count="4" type="cond" truecount="1" falsecount="1"/>
          <line num="32" count="4" type="stmt"/>
        </file>
      </package>
      <package name="modules.AccountMgmt.forgotPassword">
        <metrics statements="2" coveredstatements="2" conditionals="0" coveredconditionals="0" methods="0" coveredmethods="0"/>
        <file name="errorMessages.ts" path="/Users/robk/source2/BENAWAD/my-GRAPHQL-TS-SERVER-BOILERPLATE/src/modules/AccountMgmt/forgotPassword/errorMessages.ts">
          <metrics statements="2" coveredstatements="2" conditionals="0" coveredconditionals="0" methods="0" coveredmethods="0"/>
          <line num="1" count="1" type="stmt"/>
          <line num="2" count="1" type="stmt"/>
        </file>
      </package>
      <package name="modules.AccountMgmt.login">
        <metrics statements="3" coveredstatements="3" conditionals="0" coveredconditionals="0" methods="0" coveredmethods="0"/>
        <file name="errorMessages.ts" path="/Users/robk/source2/BENAWAD/my-GRAPHQL-TS-SERVER-BOILERPLATE/src/modules/AccountMgmt/login/errorMessages.ts">
          <metrics statements="3" coveredstatements="3" conditionals="0" coveredconditionals="0" methods="0" coveredmethods="0"/>
          <line num="1" count="2" type="stmt"/>
          <line num="2" count="2" type="stmt"/>
          <line num="3" count="2" type="stmt"/>
        </file>
      </package>
      <package name="modules.AccountMgmt.register">
        <metrics statements="4" coveredstatements="4" conditionals="0" coveredconditionals="0" methods="0" coveredmethods="0"/>
        <file name="errorMessages.ts" path="/Users/robk/source2/BENAWAD/my-GRAPHQL-TS-SERVER-BOILERPLATE/src/modules/AccountMgmt/register/errorMessages.ts">
          <metrics statements="4" coveredstatements="4" conditionals="0" coveredconditionals="0" methods="0" coveredmethods="0"/>
          <line num="1" count="2" type="stmt"/>
          <line num="2" count="2" type="stmt"/>
          <line num="3" count="2" type="stmt"/>
          <line num="4" count="2" type="stmt"/>
        </file>
      </package>
      <package name="testSetup">
        <metrics statements="9" coveredstatements="9" conditionals="0" coveredconditionals="0" methods="6" coveredmethods="6"/>
        <file name="testClient.ts" path="/Users/robk/source2/BENAWAD/my-GRAPHQL-TS-SERVER-BOILERPLATE/src/testSetup/testClient.ts">
          <metrics statements="9" coveredstatements="9" conditionals="0" coveredconditionals="0" methods="6" coveredmethods="6"/>
          <line num="1" count="5" type="stmt"/>
          <line num="3" count="5" type="stmt"/>
          <line num="12" count="13" type="stmt"/>
          <line num="13" count="13" type="stmt"/>
          <line num="21" count="3" type="stmt"/>
          <line num="37" count="8" type="stmt"/>
          <line num="53" count="6" type="stmt"/>
          <line num="69" count="10" type="stmt"/>
          <line num="85" count="2" type="stmt"/>
        </file>
      </package>
      <package name="utils">
        <metrics statements="4" coveredstatements="4" conditionals="0" coveredconditionals="0" methods="2" coveredmethods="2"/>
        <file name="createTypeormConn.ts" path="/Users/robk/source2/BENAWAD/my-GRAPHQL-TS-SERVER-BOILERPLATE/src/utils/createTypeormConn.ts">
          <metrics statements="4" coveredstatements="4" conditionals="0" coveredconditionals="0" methods="2" coveredmethods="2"/>
          <line num="1" count="6" type="stmt"/>
          <line num="3" count="6" type="stmt"/>
          <line num="4" count="6" type="stmt"/>
          <line num="5" count="6" type="stmt"/>
        </file>
      </package>
      <package name="utils.AccountMgmt">
        <metrics statements="26" coveredstatements="25" conditionals="0" coveredconditionals="0" methods="8" coveredmethods="8"/>
        <file name="createConfirmEmailLink.ts" path="/Users/robk/source2/BENAWAD/my-GRAPHQL-TS-SERVER-BOILERPLATE/src/utils/AccountMgmt/createConfirmEmailLink.ts">
          <metrics statements="6" coveredstatements="6" conditionals="0" coveredconditionals="0" methods="2" coveredmethods="2"/>
          <line num="1" count="1" type="stmt"/>
          <line num="8" count="1" type="stmt"/>
          <line num="12" count="1" type="stmt"/>
          <line num="13" count="1" type="stmt"/>
          <line num="14" count="1" type="stmt"/>
          <line num="15" count="1" type="stmt"/>
        </file>
        <file name="createForgotPasswordLink.ts" path="/Users/robk/source2/BENAWAD/my-GRAPHQL-TS-SERVER-BOILERPLATE/src/utils/AccountMgmt/createForgotPasswordLink.ts">
          <metrics statements="7" coveredstatements="7" conditionals="0" coveredconditionals="0" methods="2" coveredmethods="2"/>
          <line num="1" count="1" type="stmt"/>
          <line num="3" count="1" type="stmt"/>
          <line num="5" count="1" type="stmt"/>
          <line num="9" count="1" type="stmt"/>
          <line num="10" count="1" type="stmt"/>
          <line num="11" count="1" type="stmt"/>
          <line num="12" count="1" type="stmt"/>
        </file>
        <file name="forgotPasswordLockAccount.ts" path="/Users/robk/source2/BENAWAD/my-GRAPHQL-TS-SERVER-BOILERPLATE/src/utils/AccountMgmt/forgotPasswordLockAccount.ts">
          <metrics statements="6" coveredstatements="6" conditionals="0" coveredconditionals="0" methods="2" coveredmethods="2"/>
          <line num="2" count="1" type="stmt"/>
          <line num="3" count="1" type="stmt"/>
          <line num="5" count="1" type="stmt"/>
          <line num="8" count="1" type="stmt"/>
          <line num="10" count="1" type="stmt"/>
          <line num="12" count="1" type="stmt"/>
        </file>
        <file name="removeAllUsersSessions.ts" path="/Users/robk/source2/BENAWAD/my-GRAPHQL-TS-SERVER-BOILERPLATE/src/utils/AccountMgmt/removeAllUsersSessions.ts">
          <metrics statements="7" coveredstatements="6" conditionals="0" coveredconditionals="0" methods="2" coveredmethods="2"/>
          <line num="2" count="1" type="stmt"/>
          <line num="7" count="1" type="stmt"/>
          <line num="8" count="1" type="stmt"/>
          <line num="14" count="1" type="stmt"/>
          <line num="16" count="1" type="stmt"/>
          <line num="17" count="0" type="stmt"/>
          <line num="20" count="1" type="stmt"/>
        </file>
      </package>
      <package name="utils.Lookups">
        <metrics statements="3" coveredstatements="3" conditionals="0" coveredconditionals="0" methods="0" coveredmethods="0"/>
        <file name="constants.ts" path="/Users/robk/source2/BENAWAD/my-GRAPHQL-TS-SERVER-BOILERPLATE/src/utils/Lookups/constants.ts">
          <metrics statements="3" coveredstatements="3" conditionals="0" coveredconditionals="0" methods="0" coveredmethods="0"/>
          <line num="1" count="1" type="stmt"/>
          <line num="2" count="1" type="stmt"/>
          <line num="3" count="1" type="stmt"/>
        </file>
      </package>
    </metrics>
  </project>
</coverage>
