{"/Users/robk/source2/BENAWAD/my-GRAPHQL-TS-SERVER-BOILERPLATE/src/entity/User.ts": {"path":"/Users/robk/source2/BENAWAD/my-GRAPHQL-TS-SERVER-BOILERPLATE/src/entity/User.ts","statementMap":{"0":{"start":{"line":1,"column":0},"end":{"line":1,"column":34}},"1":{"start":{"line":2,"column":0},"end":{"line":8,"column":16}},"2":{"start":{"line":11,"column":0},"end":{"line":35,"column":1}},"3":{"start":{"line":31,"column":4},"end":{"line":33,"column":5}},"4":{"start":{"line":32,"column":6},"end":{"line":32,"column":59}},"5":{"start":{"line":12,"column":34},"end":{"line":12,"column":45}},"6":{"start":{"line":15,"column":2},"end":{"line":15,"column":23}},"7":{"start":{"line":18,"column":2},"end":{"line":18,"column":26}},"8":{"start":{"line":21,"column":2},"end":{"line":21,"column":21}},"9":{"start":{"line":24,"column":2},"end":{"line":24,"column":32}},"10":{"start":{"line":27,"column":2},"end":{"line":27,"column":27}},"11":{"start":{"line":30,"column":2},"end":{"line":34,"column":3}},"12":{"start":{"line":11,"column":13},"end":{"line":35,"column":1}},"13":{"start":{"line":11,"column":13},"end":{"line":11,"column":17}}},"fnMap":{"0":{"name":"(anonymous_8)","decl":{"start":{"line":30,"column":8},"end":{"line":30,"column":31}},"loc":{"start":{"line":30,"column":32},"end":{"line":34,"column":3}}}},"branchMap":{"0":{"loc":{"start":{"line":31,"column":4},"end":{"line":33,"column":5}},"type":"if","locations":[{"start":{"line":31,"column":4},"end":{"line":33,"column":5}},{"start":{"line":31,"column":4},"end":{"line":33,"column":5}}]}},"s":{"0":6,"1":6,"2":6,"3":4,"4":4,"5":6,"6":6,"7":6,"8":6,"9":6,"10":6,"11":6,"12":6,"13":6},"f":{"0":4},"b":{"0":[4,0]}}
,"/Users/robk/source2/BENAWAD/my-GRAPHQL-TS-SERVER-BOILERPLATE/src/modules/AccountMgmt/forgotPassword/errorMessages.ts": {"path":"/Users/robk/source2/BENAWAD/my-GRAPHQL-TS-SERVER-BOILERPLATE/src/modules/AccountMgmt/forgotPassword/errorMessages.ts","statementMap":{"0":{"start":{"line":1,"column":13},"end":{"line":1,"column":49}},"1":{"start":{"line":2,"column":13},"end":{"line":2,"column":71}}},"fnMap":{},"branchMap":{},"s":{"0":1,"1":1},"f":{},"b":{}}
,"/Users/robk/source2/BENAWAD/my-GRAPHQL-TS-SERVER-BOILERPLATE/src/modules/AccountMgmt/login/errorMessages.ts": {"path":"/Users/robk/source2/BENAWAD/my-GRAPHQL-TS-SERVER-BOILERPLATE/src/modules/AccountMgmt/login/errorMessages.ts","statementMap":{"0":{"start":{"line":1,"column":13},"end":{"line":1,"column":44}},"1":{"start":{"line":2,"column":13},"end":{"line":2,"column":61}},"2":{"start":{"line":3,"column":13},"end":{"line":3,"column":61}}},"fnMap":{},"branchMap":{},"s":{"0":2,"1":2,"2":2},"f":{},"b":{}}
,"/Users/robk/source2/BENAWAD/my-GRAPHQL-TS-SERVER-BOILERPLATE/src/modules/AccountMgmt/register/errorMessages.ts": {"path":"/Users/robk/source2/BENAWAD/my-GRAPHQL-TS-SERVER-BOILERPLATE/src/modules/AccountMgmt/register/errorMessages.ts","statementMap":{"0":{"start":{"line":1,"column":13},"end":{"line":1,"column":46}},"1":{"start":{"line":2,"column":13},"end":{"line":2,"column":72}},"2":{"start":{"line":3,"column":13},"end":{"line":3,"column":78}},"3":{"start":{"line":4,"column":13},"end":{"line":4,"column":58}}},"fnMap":{},"branchMap":{},"s":{"0":2,"1":2,"2":2,"3":2},"f":{},"b":{}}
,"/Users/robk/source2/BENAWAD/my-GRAPHQL-TS-SERVER-BOILERPLATE/src/testSetup/testClient.ts": {"path":"/Users/robk/source2/BENAWAD/my-GRAPHQL-TS-SERVER-BOILERPLATE/src/testSetup/testClient.ts","statementMap":{"0":{"start":{"line":1,"column":0},"end":{"line":1,"column":37}},"1":{"start":{"line":12,"column":4},"end":{"line":12,"column":19}},"2":{"start":{"line":13,"column":4},"end":{"line":17,"column":6}},"3":{"start":{"line":21,"column":4},"end":{"line":33,"column":7}},"4":{"start":{"line":37,"column":4},"end":{"line":49,"column":7}},"5":{"start":{"line":53,"column":4},"end":{"line":65,"column":7}},"6":{"start":{"line":69,"column":4},"end":{"line":81,"column":7}},"7":{"start":{"line":85,"column":4},"end":{"line":94,"column":7}},"8":{"start":{"line":3,"column":0},"end":{"line":96,"column":1}}},"fnMap":{"0":{"name":"(anonymous_6)","decl":{"start":{"line":11,"column":2},"end":{"line":11,"column":13}},"loc":{"start":{"line":11,"column":25},"end":{"line":18,"column":3}}},"1":{"name":"(anonymous_7)","decl":{"start":{"line":20,"column":8},"end":{"line":20,"column":27}},"loc":{"start":{"line":20,"column":61},"end":{"line":34,"column":3}}},"2":{"name":"(anonymous_9)","decl":{"start":{"line":36,"column":8},"end":{"line":36,"column":9}},"loc":{"start":{"line":36,"column":10},"end":{"line":50,"column":3}}},"3":{"name":"(anonymous_11)","decl":{"start":{"line":52,"column":8},"end":{"line":52,"column":15}},"loc":{"start":{"line":52,"column":48},"end":{"line":66,"column":3}}},"4":{"name":"(anonymous_13)","decl":{"start":{"line":68,"column":8},"end":{"line":68,"column":12}},"loc":{"start":{"line":68,"column":45},"end":{"line":82,"column":3}}},"5":{"name":"(anonymous_15)","decl":{"start":{"line":84,"column":8},"end":{"line":84,"column":13}},"loc":{"start":{"line":84,"column":14},"end":{"line":95,"column":3}}}},"branchMap":{},"s":{"0":5,"1":13,"2":13,"3":3,"4":8,"5":6,"6":10,"7":2,"8":5},"f":{"0":13,"1":3,"2":8,"3":6,"4":10,"5":2},"b":{}}
,"/Users/robk/source2/BENAWAD/my-GRAPHQL-TS-SERVER-BOILERPLATE/src/utils/createTypeormConn.ts": {"path":"/Users/robk/source2/BENAWAD/my-GRAPHQL-TS-SERVER-BOILERPLATE/src/utils/createTypeormConn.ts","statementMap":{"0":{"start":{"line":1,"column":0},"end":{"line":1,"column":64}},"1":{"start":{"line":3,"column":13},"end":{"line":6,"column":2}},"2":{"start":{"line":3,"column":44},"end":{"line":6,"column":1}},"3":{"start":{"line":4,"column":28},"end":{"line":4,"column":76}},"4":{"start":{"line":5,"column":2},"end":{"line":5,"column":69}}},"fnMap":{"0":{"name":"(anonymous_6)","decl":{"start":{"line":3,"column":33},"end":{"line":3,"column":41}},"loc":{"start":{"line":3,"column":44},"end":{"line":6,"column":1}}},"1":{"name":"(anonymous_7)","decl":{"start":{"line":3,"column":44},"end":{"line":null,"column":-1}},"loc":{"start":{"line":3,"column":44},"end":{"line":6,"column":1}}}},"branchMap":{},"s":{"0":6,"1":6,"2":6,"3":6,"4":6},"f":{"0":6,"1":6},"b":{}}
,"/Users/robk/source2/BENAWAD/my-GRAPHQL-TS-SERVER-BOILERPLATE/src/utils/AccountMgmt/createConfirmEmailLink.ts": {"path":"/Users/robk/source2/BENAWAD/my-GRAPHQL-TS-SERVER-BOILERPLATE/src/utils/AccountMgmt/createConfirmEmailLink.ts","statementMap":{"0":{"start":{"line":1,"column":0},"end":{"line":1,"column":25}},"1":{"start":{"line":8,"column":13},"end":{"line":16,"column":2}},"2":{"start":{"line":12,"column":4},"end":{"line":16,"column":1}},"3":{"start":{"line":13,"column":13},"end":{"line":13,"column":17}},"4":{"start":{"line":14,"column":2},"end":{"line":14,"column":50}},"5":{"start":{"line":15,"column":2},"end":{"line":15,"column":32}}},"fnMap":{"0":{"name":"(anonymous_6)","decl":{"start":{"line":8,"column":38},"end":{"line":9,"column":2}},"loc":{"start":{"line":12,"column":4},"end":{"line":16,"column":1}}},"1":{"name":"(anonymous_7)","decl":{"start":{"line":12,"column":4},"end":{"line":null,"column":-1}},"loc":{"start":{"line":12,"column":4},"end":{"line":16,"column":1}}}},"branchMap":{},"s":{"0":1,"1":1,"2":1,"3":1,"4":1,"5":1},"f":{"0":1,"1":1},"b":{}}
,"/Users/robk/source2/BENAWAD/my-GRAPHQL-TS-SERVER-BOILERPLATE/src/utils/AccountMgmt/createForgotPasswordLink.ts": {"path":"/Users/robk/source2/BENAWAD/my-GRAPHQL-TS-SERVER-BOILERPLATE/src/utils/AccountMgmt/createForgotPasswordLink.ts","statementMap":{"0":{"start":{"line":1,"column":0},"end":{"line":1,"column":25}},"1":{"start":{"line":3,"column":0},"end":{"line":3,"column":68}},"2":{"start":{"line":5,"column":13},"end":{"line":13,"column":2}},"3":{"start":{"line":9,"column":4},"end":{"line":13,"column":1}},"4":{"start":{"line":10,"column":13},"end":{"line":10,"column":17}},"5":{"start":{"line":11,"column":2},"end":{"line":11,"column":73}},"6":{"start":{"line":12,"column":2},"end":{"line":12,"column":40}}},"fnMap":{"0":{"name":"(anonymous_6)","decl":{"start":{"line":5,"column":40},"end":{"line":6,"column":2}},"loc":{"start":{"line":9,"column":4},"end":{"line":13,"column":1}}},"1":{"name":"(anonymous_7)","decl":{"start":{"line":9,"column":4},"end":{"line":null,"column":-1}},"loc":{"start":{"line":9,"column":4},"end":{"line":13,"column":1}}}},"branchMap":{},"s":{"0":1,"1":1,"2":1,"3":1,"4":1,"5":1,"6":1},"f":{"0":1,"1":1},"b":{}}
,"/Users/robk/source2/BENAWAD/my-GRAPHQL-TS-SERVER-BOILERPLATE/src/utils/AccountMgmt/forgotPasswordLockAccount.ts": {"path":"/Users/robk/source2/BENAWAD/my-GRAPHQL-TS-SERVER-BOILERPLATE/src/utils/AccountMgmt/forgotPasswordLockAccount.ts","statementMap":{"0":{"start":{"line":2,"column":0},"end":{"line":2,"column":65}},"1":{"start":{"line":3,"column":0},"end":{"line":3,"column":40}},"2":{"start":{"line":5,"column":13},"end":{"line":13,"column":2}},"3":{"start":{"line":8,"column":4},"end":{"line":13,"column":1}},"4":{"start":{"line":10,"column":2},"end":{"line":10,"column":68}},"5":{"start":{"line":12,"column":2},"end":{"line":12,"column":40}}},"fnMap":{"0":{"name":"(anonymous_6)","decl":{"start":{"line":5,"column":41},"end":{"line":6,"column":2}},"loc":{"start":{"line":8,"column":4},"end":{"line":13,"column":1}}},"1":{"name":"(anonymous_7)","decl":{"start":{"line":8,"column":4},"end":{"line":null,"column":-1}},"loc":{"start":{"line":8,"column":4},"end":{"line":13,"column":1}}}},"branchMap":{},"s":{"0":1,"1":1,"2":1,"3":1,"4":1,"5":1},"f":{"0":1,"1":1},"b":{}}
,"/Users/robk/source2/BENAWAD/my-GRAPHQL-TS-SERVER-BOILERPLATE/src/utils/AccountMgmt/removeAllUsersSessions.ts": {"path":"/Users/robk/source2/BENAWAD/my-GRAPHQL-TS-SERVER-BOILERPLATE/src/utils/AccountMgmt/removeAllUsersSessions.ts","statementMap":{"0":{"start":{"line":2,"column":0},"end":{"line":5,"column":38}},"1":{"start":{"line":7,"column":13},"end":{"line":21,"column":2}},"2":{"start":{"line":7,"column":77},"end":{"line":21,"column":1}},"3":{"start":{"line":8,"column":21},"end":{"line":12,"column":3}},"4":{"start":{"line":14,"column":19},"end":{"line":14,"column":21}},"5":{"start":{"line":16,"column":2},"end":{"line":18,"column":3}},"6":{"start":{"line":17,"column":4},"end":{"line":17,"column":70}},"7":{"start":{"line":20,"column":2},"end":{"line":20,"column":30}}},"fnMap":{"0":{"name":"(anonymous_6)","decl":{"start":{"line":7,"column":38},"end":{"line":7,"column":45}},"loc":{"start":{"line":7,"column":77},"end":{"line":21,"column":1}}},"1":{"name":"(anonymous_7)","decl":{"start":{"line":7,"column":77},"end":{"line":null,"column":-1}},"loc":{"start":{"line":7,"column":77},"end":{"line":21,"column":1}}}},"branchMap":{},"s":{"0":1,"1":1,"2":1,"3":1,"4":1,"5":1,"6":0,"7":1},"f":{"0":1,"1":1},"b":{}}
,"/Users/robk/source2/BENAWAD/my-GRAPHQL-TS-SERVER-BOILERPLATE/src/utils/Lookups/constants.ts": {"path":"/Users/robk/source2/BENAWAD/my-GRAPHQL-TS-SERVER-BOILERPLATE/src/utils/Lookups/constants.ts","statementMap":{"0":{"start":{"line":1,"column":13},"end":{"line":1,"column":42}},"1":{"start":{"line":2,"column":13},"end":{"line":2,"column":47}},"2":{"start":{"line":3,"column":13},"end":{"line":3,"column":54}}},"fnMap":{},"branchMap":{},"s":{"0":1,"1":1,"2":1},"f":{},"b":{}}
}
