TN:
SF:/Users/robk/source2/BENAWAD/my-GRAPHQL-TS-SERVER-BOILERPLATE/src/entity/User.ts
FN:30,(anonymous_8)
FNF:1
FNH:1
FNDA:4,(anonymous_8)
DA:1,6
DA:2,6
DA:11,6
DA:12,6
DA:15,6
DA:18,6
DA:21,6
DA:24,6
DA:27,6
DA:30,6
DA:31,4
DA:32,4
LF:12
LH:12
BRDA:31,0,0,4
BRDA:31,0,1,0
BRF:2
BRH:1
end_of_record
TN:
SF:/Users/robk/source2/BENAWAD/my-GRAPHQL-TS-SERVER-BOILERPLATE/src/modules/AccountMgmt/forgotPassword/errorMessages.ts
FNF:0
FNH:0
DA:1,1
DA:2,1
LF:2
LH:2
BRF:0
BRH:0
end_of_record
TN:
SF:/Users/robk/source2/BENAWAD/my-GRAPHQL-TS-SERVER-BOILERPLATE/src/modules/AccountMgmt/login/errorMessages.ts
FNF:0
FNH:0
DA:1,2
DA:2,2
DA:3,2
LF:3
LH:3
BRF:0
BRH:0
end_of_record
TN:
SF:/Users/robk/source2/BENAWAD/my-GRAPHQL-TS-SERVER-BOILERPLATE/src/modules/AccountMgmt/register/errorMessages.ts
FNF:0
FNH:0
DA:1,2
DA:2,2
DA:3,2
DA:4,2
LF:4
LH:4
BRF:0
BRH:0
end_of_record
TN:
SF:/Users/robk/source2/BENAWAD/my-GRAPHQL-TS-SERVER-BOILERPLATE/src/testSetup/testClient.ts
FN:11,(anonymous_6)
FN:20,(anonymous_7)
FN:36,(anonymous_9)
FN:52,(anonymous_11)
FN:68,(anonymous_13)
FN:84,(anonymous_15)
FNF:6
FNH:6
FNDA:13,(anonymous_6)
FNDA:3,(anonymous_7)
FNDA:8,(anonymous_9)
FNDA:6,(anonymous_11)
FNDA:10,(anonymous_13)
FNDA:2,(anonymous_15)
DA:1,5
DA:3,5
DA:12,13
DA:13,13
DA:21,3
DA:37,8
DA:53,6
DA:69,10
DA:85,2
LF:9
LH:9
BRF:0
BRH:0
end_of_record
TN:
SF:/Users/robk/source2/BENAWAD/my-GRAPHQL-TS-SERVER-BOILERPLATE/src/utils/createTypeormConn.ts
FN:3,(anonymous_6)
FN:3,(anonymous_7)
FNF:2
FNH:2
FNDA:6,(anonymous_6)
FNDA:6,(anonymous_7)
DA:1,6
DA:3,6
DA:4,6
DA:5,6
LF:4
LH:4
BRF:0
BRH:0
end_of_record
TN:
SF:/Users/robk/source2/BENAWAD/my-GRAPHQL-TS-SERVER-BOILERPLATE/src/utils/AccountMgmt/createConfirmEmailLink.ts
FN:8,(anonymous_6)
FN:12,(anonymous_7)
FNF:2
FNH:2
FNDA:1,(anonymous_6)
FNDA:1,(anonymous_7)
DA:1,1
DA:8,1
DA:12,1
DA:13,1
DA:14,1
DA:15,1
LF:6
LH:6
BRF:0
BRH:0
end_of_record
TN:
SF:/Users/robk/source2/BENAWAD/my-GRAPHQL-TS-SERVER-BOILERPLATE/src/utils/AccountMgmt/createForgotPasswordLink.ts
FN:5,(anonymous_6)
FN:9,(anonymous_7)
FNF:2
FNH:2
FNDA:1,(anonymous_6)
FNDA:1,(anonymous_7)
DA:1,1
DA:3,1
DA:5,1
DA:9,1
DA:10,1
DA:11,1
DA:12,1
LF:7
LH:7
BRF:0
BRH:0
end_of_record
TN:
SF:/Users/robk/source2/BENAWAD/my-GRAPHQL-TS-SERVER-BOILERPLATE/src/utils/AccountMgmt/forgotPasswordLockAccount.ts
FN:5,(anonymous_6)
FN:8,(anonymous_7)
FNF:2
FNH:2
FNDA:1,(anonymous_6)
FNDA:1,(anonymous_7)
DA:2,1
DA:3,1
DA:5,1
DA:8,1
DA:10,1
DA:12,1
LF:6
LH:6
BRF:0
BRH:0
end_of_record
TN:
SF:/Users/robk/source2/BENAWAD/my-GRAPHQL-TS-SERVER-BOILERPLATE/src/utils/AccountMgmt/removeAllUsersSessions.ts
FN:7,(anonymous_6)
FN:7,(anonymous_7)
FNF:2
FNH:2
FNDA:1,(anonymous_6)
FNDA:1,(anonymous_7)
DA:2,1
DA:7,1
DA:8,1
DA:14,1
DA:16,1
DA:17,0
DA:20,1
LF:7
LH:6
BRF:0
BRH:0
end_of_record
TN:
SF:/Users/robk/source2/BENAWAD/my-GRAPHQL-TS-SERVER-BOILERPLATE/src/utils/Lookups/constants.ts
FNF:0
FNH:0
DA:1,1
DA:2,1
DA:3,1
LF:3
LH:3
BRF:0
BRH:0
end_of_record
